Connecting to database specified by database.yml
Connecting to database specified by database.yml


Started GET "/assets/rails.png" for 147.46.113.59 at 2013-03-19 21:04:33 +0900
Served asset /rails.png - 200 OK (26ms)


Started GET "/books" for 147.46.113.59 at 2013-03-19 21:04:48 +0900

ActionController::RoutingError (No route matches [GET] "/books"):
  actionpack (3.2.13) lib/action_dispatch/middleware/debug_exceptions.rb:21:in `call'
  actionpack (3.2.13) lib/action_dispatch/middleware/show_exceptions.rb:56:in `call'
  railties (3.2.13) lib/rails/rack/logger.rb:32:in `call_app'
  railties (3.2.13) lib/rails/rack/logger.rb:16:in `block in call'
  activesupport (3.2.13) lib/active_support/tagged_logging.rb:22:in `tagged'
  railties (3.2.13) lib/rails/rack/logger.rb:16:in `call'
  actionpack (3.2.13) lib/action_dispatch/middleware/request_id.rb:22:in `call'
  rack (1.4.5) lib/rack/methodoverride.rb:21:in `call'
  rack (1.4.5) lib/rack/runtime.rb:17:in `call'
  activesupport (3.2.13) lib/active_support/cache/strategy/local_cache.rb:72:in `call'
  rack (1.4.5) lib/rack/lock.rb:15:in `call'
  actionpack (3.2.13) lib/action_dispatch/middleware/static.rb:63:in `call'
  railties (3.2.13) lib/rails/engine.rb:479:in `call'
  railties (3.2.13) lib/rails/application.rb:223:in `call'
  rack (1.4.5) lib/rack/content_length.rb:14:in `call'
  rack (1.4.5) lib/rack/handler/webrick.rb:59:in `service'
  /home/aerani/.rvm/rubies/ruby-2.0.0-p0/lib/ruby/2.0.0/webrick/httpserver.rb:138:in `service'
  /home/aerani/.rvm/rubies/ruby-2.0.0-p0/lib/ruby/2.0.0/webrick/httpserver.rb:94:in `run'
  /home/aerani/.rvm/rubies/ruby-2.0.0-p0/lib/ruby/2.0.0/webrick/server.rb:295:in `block in start_thread'


  Rendered /home/aerani/.rvm/gems/ruby-2.0.0-p0/gems/actionpack-3.2.13/lib/action_dispatch/middleware/templates/rescues/routing_error.erb within rescues/layout (0.8ms)


Started GET "/books" for 147.46.113.59 at 2013-03-19 21:06:04 +0900

AbstractController::ActionNotFound (The action 'index' could not be found for BooksController):
  actionpack (3.2.13) lib/abstract_controller/base.rb:116:in `process'
  actionpack (3.2.13) lib/abstract_controller/rendering.rb:45:in `process'
  actionpack (3.2.13) lib/action_controller/metal.rb:203:in `dispatch'
  actionpack (3.2.13) lib/action_controller/metal/rack_delegation.rb:14:in `dispatch'
  actionpack (3.2.13) lib/action_controller/metal.rb:246:in `block in action'
  actionpack (3.2.13) lib/action_dispatch/routing/route_set.rb:73:in `call'
  actionpack (3.2.13) lib/action_dispatch/routing/route_set.rb:73:in `dispatch'
  actionpack (3.2.13) lib/action_dispatch/routing/route_set.rb:36:in `call'
  journey (1.0.4) lib/journey/router.rb:68:in `block in call'
  journey (1.0.4) lib/journey/router.rb:56:in `each'
  journey (1.0.4) lib/journey/router.rb:56:in `call'
  actionpack (3.2.13) lib/action_dispatch/routing/route_set.rb:612:in `call'
  actionpack (3.2.13) lib/action_dispatch/middleware/best_standards_support.rb:17:in `call'
  rack (1.4.5) lib/rack/etag.rb:23:in `call'
  rack (1.4.5) lib/rack/conditionalget.rb:25:in `call'
  actionpack (3.2.13) lib/action_dispatch/middleware/head.rb:14:in `call'
  actionpack (3.2.13) lib/action_dispatch/middleware/params_parser.rb:21:in `call'
  actionpack (3.2.13) lib/action_dispatch/middleware/flash.rb:242:in `call'
  rack (1.4.5) lib/rack/session/abstract/id.rb:210:in `context'
  rack (1.4.5) lib/rack/session/abstract/id.rb:205:in `call'
  actionpack (3.2.13) lib/action_dispatch/middleware/cookies.rb:341:in `call'
  activerecord (3.2.13) lib/active_record/query_cache.rb:64:in `call'
  activerecord (3.2.13) lib/active_record/connection_adapters/abstract/connection_pool.rb:479:in `call'
  actionpack (3.2.13) lib/action_dispatch/middleware/callbacks.rb:28:in `block in call'
  activesupport (3.2.13) lib/active_support/callbacks.rb:405:in `_run__2337397169827899052__call__3188638408897743345__callbacks'
  activesupport (3.2.13) lib/active_support/callbacks.rb:405:in `__run_callback'
  activesupport (3.2.13) lib/active_support/callbacks.rb:385:in `_run_call_callbacks'
  activesupport (3.2.13) lib/active_support/callbacks.rb:81:in `run_callbacks'
  actionpack (3.2.13) lib/action_dispatch/middleware/callbacks.rb:27:in `call'
  actionpack (3.2.13) lib/action_dispatch/middleware/reloader.rb:65:in `call'
  actionpack (3.2.13) lib/action_dispatch/middleware/remote_ip.rb:31:in `call'
  actionpack (3.2.13) lib/action_dispatch/middleware/debug_exceptions.rb:16:in `call'
  actionpack (3.2.13) lib/action_dispatch/middleware/show_exceptions.rb:56:in `call'
  railties (3.2.13) lib/rails/rack/logger.rb:32:in `call_app'
  railties (3.2.13) lib/rails/rack/logger.rb:16:in `block in call'
  activesupport (3.2.13) lib/active_support/tagged_logging.rb:22:in `tagged'
  railties (3.2.13) lib/rails/rack/logger.rb:16:in `call'
  actionpack (3.2.13) lib/action_dispatch/middleware/request_id.rb:22:in `call'
  rack (1.4.5) lib/rack/methodoverride.rb:21:in `call'
  rack (1.4.5) lib/rack/runtime.rb:17:in `call'
  activesupport (3.2.13) lib/active_support/cache/strategy/local_cache.rb:72:in `call'
  rack (1.4.5) lib/rack/lock.rb:15:in `call'
  actionpack (3.2.13) lib/action_dispatch/middleware/static.rb:63:in `call'
  railties (3.2.13) lib/rails/engine.rb:479:in `call'
  railties (3.2.13) lib/rails/application.rb:223:in `call'
  rack (1.4.5) lib/rack/content_length.rb:14:in `call'
  rack (1.4.5) lib/rack/handler/webrick.rb:59:in `service'
  /home/aerani/.rvm/rubies/ruby-2.0.0-p0/lib/ruby/2.0.0/webrick/httpserver.rb:138:in `service'
  /home/aerani/.rvm/rubies/ruby-2.0.0-p0/lib/ruby/2.0.0/webrick/httpserver.rb:94:in `run'
  /home/aerani/.rvm/rubies/ruby-2.0.0-p0/lib/ruby/2.0.0/webrick/server.rb:295:in `block in start_thread'


  Rendered /home/aerani/.rvm/gems/ruby-2.0.0-p0/gems/actionpack-3.2.13/lib/action_dispatch/middleware/templates/rescues/unknown_action.erb within rescues/layout (0.3ms)


Started GET "/books" for 147.46.113.59 at 2013-03-19 21:06:19 +0900
Processing by BooksController#index as HTML
Completed 500 Internal Server Error in 2ms

ActionView::MissingTemplate (Missing template books/index, application/index with {:locale=>[:en], :formats=>[:html], :handlers=>[:erb, :builder, :coffee]}. Searched in:
  * "/home/aerani/programming/wabook/app/views"
):
  actionpack (3.2.13) lib/action_view/path_set.rb:58:in `find'
  actionpack (3.2.13) lib/action_view/lookup_context.rb:109:in `find'
  actionpack (3.2.13) lib/action_view/renderer/abstract_renderer.rb:3:in `find_template'
  actionpack (3.2.13) lib/action_view/renderer/template_renderer.rb:34:in `determine_template'
  actionpack (3.2.13) lib/action_view/renderer/template_renderer.rb:10:in `render'
  actionpack (3.2.13) lib/action_view/renderer/renderer.rb:36:in `render_template'
  actionpack (3.2.13) lib/action_view/renderer/renderer.rb:17:in `render'
  actionpack (3.2.13) lib/abstract_controller/rendering.rb:110:in `_render_template'
  actionpack (3.2.13) lib/action_controller/metal/streaming.rb:225:in `_render_template'
  actionpack (3.2.13) lib/abstract_controller/rendering.rb:103:in `render_to_body'
  actionpack (3.2.13) lib/action_controller/metal/renderers.rb:28:in `render_to_body'
  actionpack (3.2.13) lib/action_controller/metal/compatibility.rb:50:in `render_to_body'
  actionpack (3.2.13) lib/abstract_controller/rendering.rb:88:in `render'
  actionpack (3.2.13) lib/action_controller/metal/rendering.rb:16:in `render'
  actionpack (3.2.13) lib/action_controller/metal/instrumentation.rb:40:in `block (2 levels) in render'
  activesupport (3.2.13) lib/active_support/core_ext/benchmark.rb:5:in `block in ms'
  /home/aerani/.rvm/rubies/ruby-2.0.0-p0/lib/ruby/2.0.0/benchmark.rb:296:in `realtime'
  activesupport (3.2.13) lib/active_support/core_ext/benchmark.rb:5:in `ms'
  actionpack (3.2.13) lib/action_controller/metal/instrumentation.rb:40:in `block in render'
  actionpack (3.2.13) lib/action_controller/metal/instrumentation.rb:83:in `cleanup_view_runtime'
  activerecord (3.2.13) lib/active_record/railties/controller_runtime.rb:24:in `cleanup_view_runtime'
  actionpack (3.2.13) lib/action_controller/metal/instrumentation.rb:39:in `render'
  actionpack (3.2.13) lib/action_controller/metal/implicit_render.rb:10:in `default_render'
  actionpack (3.2.13) lib/action_controller/metal/implicit_render.rb:5:in `send_action'
  actionpack (3.2.13) lib/abstract_controller/base.rb:167:in `process_action'
  actionpack (3.2.13) lib/action_controller/metal/rendering.rb:10:in `process_action'
  actionpack (3.2.13) lib/abstract_controller/callbacks.rb:18:in `block in process_action'
  activesupport (3.2.13) lib/active_support/callbacks.rb:414:in `_run__3760978935152631965__process_action__3245965485002118963__callbacks'
  activesupport (3.2.13) lib/active_support/callbacks.rb:405:in `__run_callback'
  activesupport (3.2.13) lib/active_support/callbacks.rb:385:in `_run_process_action_callbacks'
  activesupport (3.2.13) lib/active_support/callbacks.rb:81:in `run_callbacks'
  actionpack (3.2.13) lib/abstract_controller/callbacks.rb:17:in `process_action'
  actionpack (3.2.13) lib/action_controller/metal/rescue.rb:29:in `process_action'
  actionpack (3.2.13) lib/action_controller/metal/instrumentation.rb:30:in `block in process_action'
  activesupport (3.2.13) lib/active_support/notifications.rb:123:in `block in instrument'
  activesupport (3.2.13) lib/active_support/notifications/instrumenter.rb:20:in `instrument'
  activesupport (3.2.13) lib/active_support/notifications.rb:123:in `instrument'
  actionpack (3.2.13) lib/action_controller/metal/instrumentation.rb:29:in `process_action'
  actionpack (3.2.13) lib/action_controller/metal/params_wrapper.rb:207:in `process_action'
  activerecord (3.2.13) lib/active_record/railties/controller_runtime.rb:18:in `process_action'
  actionpack (3.2.13) lib/abstract_controller/base.rb:121:in `process'
  actionpack (3.2.13) lib/abstract_controller/rendering.rb:45:in `process'
  actionpack (3.2.13) lib/action_controller/metal.rb:203:in `dispatch'
  actionpack (3.2.13) lib/action_controller/metal/rack_delegation.rb:14:in `dispatch'
  actionpack (3.2.13) lib/action_controller/metal.rb:246:in `block in action'
  actionpack (3.2.13) lib/action_dispatch/routing/route_set.rb:73:in `call'
  actionpack (3.2.13) lib/action_dispatch/routing/route_set.rb:73:in `dispatch'
  actionpack (3.2.13) lib/action_dispatch/routing/route_set.rb:36:in `call'
  journey (1.0.4) lib/journey/router.rb:68:in `block in call'
  journey (1.0.4) lib/journey/router.rb:56:in `each'
  journey (1.0.4) lib/journey/router.rb:56:in `call'
  actionpack (3.2.13) lib/action_dispatch/routing/route_set.rb:612:in `call'
  actionpack (3.2.13) lib/action_dispatch/middleware/best_standards_support.rb:17:in `call'
  rack (1.4.5) lib/rack/etag.rb:23:in `call'
  rack (1.4.5) lib/rack/conditionalget.rb:25:in `call'
  actionpack (3.2.13) lib/action_dispatch/middleware/head.rb:14:in `call'
  actionpack (3.2.13) lib/action_dispatch/middleware/params_parser.rb:21:in `call'
  actionpack (3.2.13) lib/action_dispatch/middleware/flash.rb:242:in `call'
  rack (1.4.5) lib/rack/session/abstract/id.rb:210:in `context'
  rack (1.4.5) lib/rack/session/abstract/id.rb:205:in `call'
  actionpack (3.2.13) lib/action_dispatch/middleware/cookies.rb:341:in `call'
  activerecord (3.2.13) lib/active_record/query_cache.rb:64:in `call'
  activerecord (3.2.13) lib/active_record/connection_adapters/abstract/connection_pool.rb:479:in `call'
  actionpack (3.2.13) lib/action_dispatch/middleware/callbacks.rb:28:in `block in call'
  activesupport (3.2.13) lib/active_support/callbacks.rb:405:in `_run__2337397169827899052__call__3188638408897743345__callbacks'
  activesupport (3.2.13) lib/active_support/callbacks.rb:405:in `__run_callback'
  activesupport (3.2.13) lib/active_support/callbacks.rb:385:in `_run_call_callbacks'
  activesupport (3.2.13) lib/active_support/callbacks.rb:81:in `run_callbacks'
  actionpack (3.2.13) lib/action_dispatch/middleware/callbacks.rb:27:in `call'
  actionpack (3.2.13) lib/action_dispatch/middleware/reloader.rb:65:in `call'
  actionpack (3.2.13) lib/action_dispatch/middleware/remote_ip.rb:31:in `call'
  actionpack (3.2.13) lib/action_dispatch/middleware/debug_exceptions.rb:16:in `call'
  actionpack (3.2.13) lib/action_dispatch/middleware/show_exceptions.rb:56:in `call'
  railties (3.2.13) lib/rails/rack/logger.rb:32:in `call_app'
  railties (3.2.13) lib/rails/rack/logger.rb:16:in `block in call'
  activesupport (3.2.13) lib/active_support/tagged_logging.rb:22:in `tagged'
  railties (3.2.13) lib/rails/rack/logger.rb:16:in `call'
  actionpack (3.2.13) lib/action_dispatch/middleware/request_id.rb:22:in `call'
  rack (1.4.5) lib/rack/methodoverride.rb:21:in `call'
  rack (1.4.5) lib/rack/runtime.rb:17:in `call'
  activesupport (3.2.13) lib/active_support/cache/strategy/local_cache.rb:72:in `call'
  rack (1.4.5) lib/rack/lock.rb:15:in `call'
  actionpack (3.2.13) lib/action_dispatch/middleware/static.rb:63:in `call'
  railties (3.2.13) lib/rails/engine.rb:479:in `call'
  railties (3.2.13) lib/rails/application.rb:223:in `call'
  rack (1.4.5) lib/rack/content_length.rb:14:in `call'
  rack (1.4.5) lib/rack/handler/webrick.rb:59:in `service'
  /home/aerani/.rvm/rubies/ruby-2.0.0-p0/lib/ruby/2.0.0/webrick/httpserver.rb:138:in `service'
  /home/aerani/.rvm/rubies/ruby-2.0.0-p0/lib/ruby/2.0.0/webrick/httpserver.rb:94:in `run'
  /home/aerani/.rvm/rubies/ruby-2.0.0-p0/lib/ruby/2.0.0/webrick/server.rb:295:in `block in start_thread'


  Rendered /home/aerani/.rvm/gems/ruby-2.0.0-p0/gems/actionpack-3.2.13/lib/action_dispatch/middleware/templates/rescues/missing_template.erb within rescues/layout (0.3ms)


Started GET "/books" for 147.46.113.59 at 2013-03-19 21:12:09 +0900
Processing by BooksController#index as HTML
  Rendered books/index.html.erb within layouts/application (0.8ms)
Compiled books.css  (22ms)  (pid 7536)
Compiled application.css  (28ms)  (pid 7536)
Compiled jquery.js  (2ms)  (pid 7536)
Compiled jquery_ujs.js  (0ms)  (pid 7536)
Compiled books.js  (307ms)  (pid 7536)
Compiled application.js  (342ms)  (pid 7536)
Completed 200 OK in 408ms (Views: 407.2ms | ActiveRecord: 0.0ms)


Started GET "/assets/application.css?body=1" for 147.46.113.59 at 2013-03-19 21:12:14 +0900
Served asset /application.css - 200 OK (5ms)


Started GET "/assets/books.css?body=1" for 147.46.113.59 at 2013-03-19 21:12:14 +0900
Served asset /books.css - 200 OK (2ms)


Started GET "/assets/books.js?body=1" for 147.46.113.59 at 2013-03-19 21:12:19 +0900
Served asset /books.js - 200 OK (2ms)


Started GET "/assets/jquery.js?body=1" for 147.46.113.59 at 2013-03-19 21:12:19 +0900
Served asset /jquery.js - 200 OK (4ms)


Started GET "/assets/application.js?body=1" for 147.46.113.59 at 2013-03-19 21:12:19 +0900
Served asset /application.js - 200 OK (13ms)


Started GET "/assets/jquery_ujs.js?body=1" for 147.46.113.59 at 2013-03-19 21:12:19 +0900
Served asset /jquery_ujs.js - 200 OK (4ms)


Started GET "/wabook_main.css" for 147.46.113.59 at 2013-03-19 21:12:19 +0900

ActionController::RoutingError (No route matches [GET] "/wabook_main.css"):
  actionpack (3.2.13) lib/action_dispatch/middleware/debug_exceptions.rb:21:in `call'
  actionpack (3.2.13) lib/action_dispatch/middleware/show_exceptions.rb:56:in `call'
  railties (3.2.13) lib/rails/rack/logger.rb:32:in `call_app'
  railties (3.2.13) lib/rails/rack/logger.rb:16:in `block in call'
  activesupport (3.2.13) lib/active_support/tagged_logging.rb:22:in `tagged'
  railties (3.2.13) lib/rails/rack/logger.rb:16:in `call'
  actionpack (3.2.13) lib/action_dispatch/middleware/request_id.rb:22:in `call'
  rack (1.4.5) lib/rack/methodoverride.rb:21:in `call'
  rack (1.4.5) lib/rack/runtime.rb:17:in `call'
  activesupport (3.2.13) lib/active_support/cache/strategy/local_cache.rb:72:in `call'
  rack (1.4.5) lib/rack/lock.rb:15:in `call'
  actionpack (3.2.13) lib/action_dispatch/middleware/static.rb:63:in `call'
  railties (3.2.13) lib/rails/engine.rb:479:in `call'
  railties (3.2.13) lib/rails/application.rb:223:in `call'
  rack (1.4.5) lib/rack/content_length.rb:14:in `call'
  rack (1.4.5) lib/rack/handler/webrick.rb:59:in `service'
  /home/aerani/.rvm/rubies/ruby-2.0.0-p0/lib/ruby/2.0.0/webrick/httpserver.rb:138:in `service'
  /home/aerani/.rvm/rubies/ruby-2.0.0-p0/lib/ruby/2.0.0/webrick/httpserver.rb:94:in `run'
  /home/aerani/.rvm/rubies/ruby-2.0.0-p0/lib/ruby/2.0.0/webrick/server.rb:295:in `block in start_thread'


  Rendered /home/aerani/.rvm/gems/ruby-2.0.0-p0/gems/actionpack-3.2.13/lib/action_dispatch/middleware/templates/rescues/routing_error.erb within rescues/layout (0.4ms)


Started GET "/wabook.png" for 147.46.113.59 at 2013-03-19 21:12:25 +0900

ActionController::RoutingError (No route matches [GET] "/wabook.png"):
  actionpack (3.2.13) lib/action_dispatch/middleware/debug_exceptions.rb:21:in `call'
  actionpack (3.2.13) lib/action_dispatch/middleware/show_exceptions.rb:56:in `call'
  railties (3.2.13) lib/rails/rack/logger.rb:32:in `call_app'
  railties (3.2.13) lib/rails/rack/logger.rb:16:in `block in call'
  activesupport (3.2.13) lib/active_support/tagged_logging.rb:22:in `tagged'
  railties (3.2.13) lib/rails/rack/logger.rb:16:in `call'
  actionpack (3.2.13) lib/action_dispatch/middleware/request_id.rb:22:in `call'
  rack (1.4.5) lib/rack/methodoverride.rb:21:in `call'
  rack (1.4.5) lib/rack/runtime.rb:17:in `call'
  activesupport (3.2.13) lib/active_support/cache/strategy/local_cache.rb:72:in `call'
  rack (1.4.5) lib/rack/lock.rb:15:in `call'
  actionpack (3.2.13) lib/action_dispatch/middleware/static.rb:63:in `call'
  railties (3.2.13) lib/rails/engine.rb:479:in `call'
  railties (3.2.13) lib/rails/application.rb:223:in `call'
  rack (1.4.5) lib/rack/content_length.rb:14:in `call'
  rack (1.4.5) lib/rack/handler/webrick.rb:59:in `service'
  /home/aerani/.rvm/rubies/ruby-2.0.0-p0/lib/ruby/2.0.0/webrick/httpserver.rb:138:in `service'
  /home/aerani/.rvm/rubies/ruby-2.0.0-p0/lib/ruby/2.0.0/webrick/httpserver.rb:94:in `run'
  /home/aerani/.rvm/rubies/ruby-2.0.0-p0/lib/ruby/2.0.0/webrick/server.rb:295:in `block in start_thread'


  Rendered /home/aerani/.rvm/gems/ruby-2.0.0-p0/gems/actionpack-3.2.13/lib/action_dispatch/middleware/templates/rescues/routing_error.erb within rescues/layout (1.0ms)


Started GET "/books" for 147.46.113.59 at 2013-03-19 21:16:10 +0900
Processing by BooksController#index as HTML
  Rendered books/index.html.erb within layouts/application (0.1ms)
Compiled books.css  (6ms)  (pid 7536)
Compiled application.css  (0ms)  (pid 7536)
Completed 200 OK in 30ms (Views: 30.0ms | ActiveRecord: 0.0ms)


Started GET "/assets/application.css?body=1" for 147.46.113.59 at 2013-03-19 21:16:15 +0900
Served asset /application.css - 304 Not Modified (5ms)


Started GET "/assets/books.css?body=1" for 147.46.113.59 at 2013-03-19 21:16:15 +0900
Served asset /books.css - 200 OK (1ms)


Started GET "/wabook_main.css" for 147.46.113.59 at 2013-03-19 21:16:20 +0900

ActionController::RoutingError (No route matches [GET] "/wabook_main.css"):
  actionpack (3.2.13) lib/action_dispatch/middleware/debug_exceptions.rb:21:in `call'
  actionpack (3.2.13) lib/action_dispatch/middleware/show_exceptions.rb:56:in `call'
  railties (3.2.13) lib/rails/rack/logger.rb:32:in `call_app'
  railties (3.2.13) lib/rails/rack/logger.rb:16:in `block in call'
  activesupport (3.2.13) lib/active_support/tagged_logging.rb:22:in `tagged'
  railties (3.2.13) lib/rails/rack/logger.rb:16:in `call'
  actionpack (3.2.13) lib/action_dispatch/middleware/request_id.rb:22:in `call'
  rack (1.4.5) lib/rack/methodoverride.rb:21:in `call'
  rack (1.4.5) lib/rack/runtime.rb:17:in `call'
  activesupport (3.2.13) lib/active_support/cache/strategy/local_cache.rb:72:in `call'
  rack (1.4.5) lib/rack/lock.rb:15:in `call'
  actionpack (3.2.13) lib/action_dispatch/middleware/static.rb:63:in `call'
  railties (3.2.13) lib/rails/engine.rb:479:in `call'
  railties (3.2.13) lib/rails/application.rb:223:in `call'
  rack (1.4.5) lib/rack/content_length.rb:14:in `call'
  rack (1.4.5) lib/rack/handler/webrick.rb:59:in `service'
  /home/aerani/.rvm/rubies/ruby-2.0.0-p0/lib/ruby/2.0.0/webrick/httpserver.rb:138:in `service'
  /home/aerani/.rvm/rubies/ruby-2.0.0-p0/lib/ruby/2.0.0/webrick/httpserver.rb:94:in `run'
  /home/aerani/.rvm/rubies/ruby-2.0.0-p0/lib/ruby/2.0.0/webrick/server.rb:295:in `block in start_thread'


  Rendered /home/aerani/.rvm/gems/ruby-2.0.0-p0/gems/actionpack-3.2.13/lib/action_dispatch/middleware/templates/rescues/routing_error.erb within rescues/layout (1.1ms)


Started GET "/assets/jquery_ujs.js?body=1" for 147.46.113.59 at 2013-03-19 21:16:20 +0900
Served asset /jquery_ujs.js - 304 Not Modified (0ms)


Started GET "/assets/books.js?body=1" for 147.46.113.59 at 2013-03-19 21:16:20 +0900
Served asset /books.js - 304 Not Modified (0ms)


Started GET "/assets/jquery.js?body=1" for 147.46.113.59 at 2013-03-19 21:16:20 +0900
Served asset /jquery.js - 304 Not Modified (1ms)


Started GET "/assets/application.js?body=1" for 147.46.113.59 at 2013-03-19 21:16:20 +0900
Served asset /application.js - 304 Not Modified (2ms)


Started GET "/wabook.png" for 147.46.113.59 at 2013-03-19 21:16:25 +0900

ActionController::RoutingError (No route matches [GET] "/wabook.png"):
  actionpack (3.2.13) lib/action_dispatch/middleware/debug_exceptions.rb:21:in `call'
  actionpack (3.2.13) lib/action_dispatch/middleware/show_exceptions.rb:56:in `call'
  railties (3.2.13) lib/rails/rack/logger.rb:32:in `call_app'
  railties (3.2.13) lib/rails/rack/logger.rb:16:in `block in call'
  activesupport (3.2.13) lib/active_support/tagged_logging.rb:22:in `tagged'
  railties (3.2.13) lib/rails/rack/logger.rb:16:in `call'
  actionpack (3.2.13) lib/action_dispatch/middleware/request_id.rb:22:in `call'
  rack (1.4.5) lib/rack/methodoverride.rb:21:in `call'
  rack (1.4.5) lib/rack/runtime.rb:17:in `call'
  activesupport (3.2.13) lib/active_support/cache/strategy/local_cache.rb:72:in `call'
  rack (1.4.5) lib/rack/lock.rb:15:in `call'
  actionpack (3.2.13) lib/action_dispatch/middleware/static.rb:63:in `call'
  railties (3.2.13) lib/rails/engine.rb:479:in `call'
  railties (3.2.13) lib/rails/application.rb:223:in `call'
  rack (1.4.5) lib/rack/content_length.rb:14:in `call'
  rack (1.4.5) lib/rack/handler/webrick.rb:59:in `service'
  /home/aerani/.rvm/rubies/ruby-2.0.0-p0/lib/ruby/2.0.0/webrick/httpserver.rb:138:in `service'
  /home/aerani/.rvm/rubies/ruby-2.0.0-p0/lib/ruby/2.0.0/webrick/httpserver.rb:94:in `run'
  /home/aerani/.rvm/rubies/ruby-2.0.0-p0/lib/ruby/2.0.0/webrick/server.rb:295:in `block in start_thread'


  Rendered /home/aerani/.rvm/gems/ruby-2.0.0-p0/gems/actionpack-3.2.13/lib/action_dispatch/middleware/templates/rescues/routing_error.erb within rescues/layout (1.0ms)


Started GET "/books" for 147.46.113.59 at 2013-03-19 21:17:35 +0900
Processing by BooksController#index as HTML
  Rendered books/index.html.erb within layouts/application (0.8ms)
Completed 200 OK in 13ms (Views: 12.7ms | ActiveRecord: 0.0ms)


Started GET "/assets/books.css?body=1" for 147.46.113.59 at 2013-03-19 21:17:40 +0900
Served asset /books.css - 304 Not Modified (0ms)


Started GET "/assets/application.css?body=1" for 147.46.113.59 at 2013-03-19 21:17:40 +0900
Served asset /application.css - 304 Not Modified (0ms)


Started GET "/assets/jquery_ujs.js?body=1" for 147.46.113.59 at 2013-03-19 21:17:45 +0900
Served asset /jquery_ujs.js - 304 Not Modified (0ms)


Started GET "/wabook_main.css" for 147.46.113.59 at 2013-03-19 21:17:45 +0900

ActionController::RoutingError (No route matches [GET] "/wabook_main.css"):
  actionpack (3.2.13) lib/action_dispatch/middleware/debug_exceptions.rb:21:in `call'
  actionpack (3.2.13) lib/action_dispatch/middleware/show_exceptions.rb:56:in `call'
  railties (3.2.13) lib/rails/rack/logger.rb:32:in `call_app'
  railties (3.2.13) lib/rails/rack/logger.rb:16:in `block in call'
  activesupport (3.2.13) lib/active_support/tagged_logging.rb:22:in `tagged'
  railties (3.2.13) lib/rails/rack/logger.rb:16:in `call'
  actionpack (3.2.13) lib/action_dispatch/middleware/request_id.rb:22:in `call'
  rack (1.4.5) lib/rack/methodoverride.rb:21:in `call'
  rack (1.4.5) lib/rack/runtime.rb:17:in `call'
  activesupport (3.2.13) lib/active_support/cache/strategy/local_cache.rb:72:in `call'
  rack (1.4.5) lib/rack/lock.rb:15:in `call'
  actionpack (3.2.13) lib/action_dispatch/middleware/static.rb:63:in `call'
  railties (3.2.13) lib/rails/engine.rb:479:in `call'
  railties (3.2.13) lib/rails/application.rb:223:in `call'
  rack (1.4.5) lib/rack/content_length.rb:14:in `call'
  rack (1.4.5) lib/rack/handler/webrick.rb:59:in `service'
  /home/aerani/.rvm/rubies/ruby-2.0.0-p0/lib/ruby/2.0.0/webrick/httpserver.rb:138:in `service'
  /home/aerani/.rvm/rubies/ruby-2.0.0-p0/lib/ruby/2.0.0/webrick/httpserver.rb:94:in `run'
  /home/aerani/.rvm/rubies/ruby-2.0.0-p0/lib/ruby/2.0.0/webrick/server.rb:295:in `block in start_thread'


  Rendered /home/aerani/.rvm/gems/ruby-2.0.0-p0/gems/actionpack-3.2.13/lib/action_dispatch/middleware/templates/rescues/routing_error.erb within rescues/layout (1.1ms)


Started GET "/assets/jquery.js?body=1" for 147.46.113.59 at 2013-03-19 21:17:45 +0900
Served asset /jquery.js - 304 Not Modified (6ms)


Started GET "/assets/books.js?body=1" for 147.46.113.59 at 2013-03-19 21:17:45 +0900
Served asset /books.js - 304 Not Modified (0ms)


Started GET "/assets/application.js?body=1" for 147.46.113.59 at 2013-03-19 21:17:45 +0900
Served asset /application.js - 304 Not Modified (2ms)


Started GET "/~/wabook/wabook.png" for 147.46.113.59 at 2013-03-19 21:17:51 +0900

ActionController::RoutingError (No route matches [GET] "/~/wabook/wabook.png"):
  actionpack (3.2.13) lib/action_dispatch/middleware/debug_exceptions.rb:21:in `call'
  actionpack (3.2.13) lib/action_dispatch/middleware/show_exceptions.rb:56:in `call'
  railties (3.2.13) lib/rails/rack/logger.rb:32:in `call_app'
  railties (3.2.13) lib/rails/rack/logger.rb:16:in `block in call'
  activesupport (3.2.13) lib/active_support/tagged_logging.rb:22:in `tagged'
  railties (3.2.13) lib/rails/rack/logger.rb:16:in `call'
  actionpack (3.2.13) lib/action_dispatch/middleware/request_id.rb:22:in `call'
  rack (1.4.5) lib/rack/methodoverride.rb:21:in `call'
  rack (1.4.5) lib/rack/runtime.rb:17:in `call'
  activesupport (3.2.13) lib/active_support/cache/strategy/local_cache.rb:72:in `call'
  rack (1.4.5) lib/rack/lock.rb:15:in `call'
  actionpack (3.2.13) lib/action_dispatch/middleware/static.rb:63:in `call'
  railties (3.2.13) lib/rails/engine.rb:479:in `call'
  railties (3.2.13) lib/rails/application.rb:223:in `call'
  rack (1.4.5) lib/rack/content_length.rb:14:in `call'
  rack (1.4.5) lib/rack/handler/webrick.rb:59:in `service'
  /home/aerani/.rvm/rubies/ruby-2.0.0-p0/lib/ruby/2.0.0/webrick/httpserver.rb:138:in `service'
  /home/aerani/.rvm/rubies/ruby-2.0.0-p0/lib/ruby/2.0.0/webrick/httpserver.rb:94:in `run'
  /home/aerani/.rvm/rubies/ruby-2.0.0-p0/lib/ruby/2.0.0/webrick/server.rb:295:in `block in start_thread'


  Rendered /home/aerani/.rvm/gems/ruby-2.0.0-p0/gems/actionpack-3.2.13/lib/action_dispatch/middleware/templates/rescues/routing_error.erb within rescues/layout (1.0ms)


Started GET "/books" for 147.46.113.59 at 2013-03-19 21:19:38 +0900
Processing by BooksController#index as HTML
  Rendered books/index.html.erb within layouts/application (0.8ms)
Completed 200 OK in 15ms (Views: 14.6ms | ActiveRecord: 0.0ms)


Started GET "/assets/application.css?body=1" for 147.46.113.59 at 2013-03-19 21:19:43 +0900
Served asset /application.css - 304 Not Modified (0ms)


Started GET "/assets/books.css?body=1" for 147.46.113.59 at 2013-03-19 21:19:43 +0900
Served asset /books.css - 304 Not Modified (0ms)


Started GET "/assets/jquery.js?body=1" for 147.46.113.59 at 2013-03-19 21:19:48 +0900
Served asset /jquery.js - 304 Not Modified (1ms)


Started GET "/assets/application.js?body=1" for 147.46.113.59 at 2013-03-19 21:19:48 +0900
Served asset /application.js - 304 Not Modified (35ms)


Started GET "/assets/jquery_ujs.js?body=1" for 147.46.113.59 at 2013-03-19 21:19:48 +0900
Served asset /jquery_ujs.js - 304 Not Modified (1ms)


Started GET "/assets/books.js?body=1" for 147.46.113.59 at 2013-03-19 21:19:48 +0900
Served asset /books.js - 304 Not Modified (0ms)


Started GET "/wabook_main.css" for 147.46.113.59 at 2013-03-19 21:19:48 +0900

ActionController::RoutingError (No route matches [GET] "/wabook_main.css"):
  actionpack (3.2.13) lib/action_dispatch/middleware/debug_exceptions.rb:21:in `call'
  actionpack (3.2.13) lib/action_dispatch/middleware/show_exceptions.rb:56:in `call'
  railties (3.2.13) lib/rails/rack/logger.rb:32:in `call_app'
  railties (3.2.13) lib/rails/rack/logger.rb:16:in `block in call'
  activesupport (3.2.13) lib/active_support/tagged_logging.rb:22:in `tagged'
  railties (3.2.13) lib/rails/rack/logger.rb:16:in `call'
  actionpack (3.2.13) lib/action_dispatch/middleware/request_id.rb:22:in `call'
  rack (1.4.5) lib/rack/methodoverride.rb:21:in `call'
  rack (1.4.5) lib/rack/runtime.rb:17:in `call'
  activesupport (3.2.13) lib/active_support/cache/strategy/local_cache.rb:72:in `call'
  rack (1.4.5) lib/rack/lock.rb:15:in `call'
  actionpack (3.2.13) lib/action_dispatch/middleware/static.rb:63:in `call'
  railties (3.2.13) lib/rails/engine.rb:479:in `call'
  railties (3.2.13) lib/rails/application.rb:223:in `call'
  rack (1.4.5) lib/rack/content_length.rb:14:in `call'
  rack (1.4.5) lib/rack/handler/webrick.rb:59:in `service'
  /home/aerani/.rvm/rubies/ruby-2.0.0-p0/lib/ruby/2.0.0/webrick/httpserver.rb:138:in `service'
  /home/aerani/.rvm/rubies/ruby-2.0.0-p0/lib/ruby/2.0.0/webrick/httpserver.rb:94:in `run'
  /home/aerani/.rvm/rubies/ruby-2.0.0-p0/lib/ruby/2.0.0/webrick/server.rb:295:in `block in start_thread'


  Rendered /home/aerani/.rvm/gems/ruby-2.0.0-p0/gems/actionpack-3.2.13/lib/action_dispatch/middleware/templates/rescues/routing_error.erb within rescues/layout (0.4ms)


Started GET "/wabook.png" for 147.46.113.59 at 2013-03-19 21:19:53 +0900

ActionController::RoutingError (No route matches [GET] "/wabook.png"):
  actionpack (3.2.13) lib/action_dispatch/middleware/debug_exceptions.rb:21:in `call'
  actionpack (3.2.13) lib/action_dispatch/middleware/show_exceptions.rb:56:in `call'
  railties (3.2.13) lib/rails/rack/logger.rb:32:in `call_app'
  railties (3.2.13) lib/rails/rack/logger.rb:16:in `block in call'
  activesupport (3.2.13) lib/active_support/tagged_logging.rb:22:in `tagged'
  railties (3.2.13) lib/rails/rack/logger.rb:16:in `call'
  actionpack (3.2.13) lib/action_dispatch/middleware/request_id.rb:22:in `call'
  rack (1.4.5) lib/rack/methodoverride.rb:21:in `call'
  rack (1.4.5) lib/rack/runtime.rb:17:in `call'
  activesupport (3.2.13) lib/active_support/cache/strategy/local_cache.rb:72:in `call'
  rack (1.4.5) lib/rack/lock.rb:15:in `call'
  actionpack (3.2.13) lib/action_dispatch/middleware/static.rb:63:in `call'
  railties (3.2.13) lib/rails/engine.rb:479:in `call'
  railties (3.2.13) lib/rails/application.rb:223:in `call'
  rack (1.4.5) lib/rack/content_length.rb:14:in `call'
  rack (1.4.5) lib/rack/handler/webrick.rb:59:in `service'
  /home/aerani/.rvm/rubies/ruby-2.0.0-p0/lib/ruby/2.0.0/webrick/httpserver.rb:138:in `service'
  /home/aerani/.rvm/rubies/ruby-2.0.0-p0/lib/ruby/2.0.0/webrick/httpserver.rb:94:in `run'
  /home/aerani/.rvm/rubies/ruby-2.0.0-p0/lib/ruby/2.0.0/webrick/server.rb:295:in `block in start_thread'


  Rendered /home/aerani/.rvm/gems/ruby-2.0.0-p0/gems/actionpack-3.2.13/lib/action_dispatch/middleware/templates/rescues/routing_error.erb within rescues/layout (1.0ms)


Started GET "/books" for 147.46.113.59 at 2013-03-19 21:21:56 +0900
Processing by BooksController#index as HTML
  Rendered books/index.html.erb within layouts/application (0.8ms)
Completed 200 OK in 11ms (Views: 11.1ms | ActiveRecord: 0.0ms)


Started GET "/assets/books.css?body=1" for 147.46.113.59 at 2013-03-19 21:22:01 +0900
Served asset /books.css - 304 Not Modified (0ms)


Started GET "/assets/application.css?body=1" for 147.46.113.59 at 2013-03-19 21:22:01 +0900
Served asset /application.css - 304 Not Modified (0ms)


Started GET "/assets/jquery_ujs.js?body=1" for 147.46.113.59 at 2013-03-19 21:22:06 +0900
Served asset /jquery_ujs.js - 304 Not Modified (0ms)


Started GET "/assets/books.js?body=1" for 147.46.113.59 at 2013-03-19 21:22:06 +0900
Served asset /books.js - 304 Not Modified (0ms)


Started GET "/assets/application.js?body=1" for 147.46.113.59 at 2013-03-19 21:22:06 +0900
Served asset /application.js - 304 Not Modified (10ms)


Started GET "/assets/jquery.js?body=1" for 147.46.113.59 at 2013-03-19 21:22:06 +0900
Served asset /jquery.js - 304 Not Modified (1ms)


Started GET "/wabook_main.css" for 147.46.113.59 at 2013-03-19 21:22:06 +0900

ActionController::RoutingError (No route matches [GET] "/wabook_main.css"):
  actionpack (3.2.13) lib/action_dispatch/middleware/debug_exceptions.rb:21:in `call'
  actionpack (3.2.13) lib/action_dispatch/middleware/show_exceptions.rb:56:in `call'
  railties (3.2.13) lib/rails/rack/logger.rb:32:in `call_app'
  railties (3.2.13) lib/rails/rack/logger.rb:16:in `block in call'
  activesupport (3.2.13) lib/active_support/tagged_logging.rb:22:in `tagged'
  railties (3.2.13) lib/rails/rack/logger.rb:16:in `call'
  actionpack (3.2.13) lib/action_dispatch/middleware/request_id.rb:22:in `call'
  rack (1.4.5) lib/rack/methodoverride.rb:21:in `call'
  rack (1.4.5) lib/rack/runtime.rb:17:in `call'
  activesupport (3.2.13) lib/active_support/cache/strategy/local_cache.rb:72:in `call'
  rack (1.4.5) lib/rack/lock.rb:15:in `call'
  actionpack (3.2.13) lib/action_dispatch/middleware/static.rb:63:in `call'
  railties (3.2.13) lib/rails/engine.rb:479:in `call'
  railties (3.2.13) lib/rails/application.rb:223:in `call'
  rack (1.4.5) lib/rack/content_length.rb:14:in `call'
  rack (1.4.5) lib/rack/handler/webrick.rb:59:in `service'
  /home/aerani/.rvm/rubies/ruby-2.0.0-p0/lib/ruby/2.0.0/webrick/httpserver.rb:138:in `service'
  /home/aerani/.rvm/rubies/ruby-2.0.0-p0/lib/ruby/2.0.0/webrick/httpserver.rb:94:in `run'
  /home/aerani/.rvm/rubies/ruby-2.0.0-p0/lib/ruby/2.0.0/webrick/server.rb:295:in `block in start_thread'


  Rendered /home/aerani/.rvm/gems/ruby-2.0.0-p0/gems/actionpack-3.2.13/lib/action_dispatch/middleware/templates/rescues/routing_error.erb within rescues/layout (0.7ms)


Started GET "/images/wabook.png" for 147.46.113.59 at 2013-03-19 21:22:12 +0900

ActionController::RoutingError (No route matches [GET] "/images/wabook.png"):
  actionpack (3.2.13) lib/action_dispatch/middleware/debug_exceptions.rb:21:in `call'
  actionpack (3.2.13) lib/action_dispatch/middleware/show_exceptions.rb:56:in `call'
  railties (3.2.13) lib/rails/rack/logger.rb:32:in `call_app'
  railties (3.2.13) lib/rails/rack/logger.rb:16:in `block in call'
  activesupport (3.2.13) lib/active_support/tagged_logging.rb:22:in `tagged'
  railties (3.2.13) lib/rails/rack/logger.rb:16:in `call'
  actionpack (3.2.13) lib/action_dispatch/middleware/request_id.rb:22:in `call'
  rack (1.4.5) lib/rack/methodoverride.rb:21:in `call'
  rack (1.4.5) lib/rack/runtime.rb:17:in `call'
  activesupport (3.2.13) lib/active_support/cache/strategy/local_cache.rb:72:in `call'
  rack (1.4.5) lib/rack/lock.rb:15:in `call'
  actionpack (3.2.13) lib/action_dispatch/middleware/static.rb:63:in `call'
  railties (3.2.13) lib/rails/engine.rb:479:in `call'
  railties (3.2.13) lib/rails/application.rb:223:in `call'
  rack (1.4.5) lib/rack/content_length.rb:14:in `call'
  rack (1.4.5) lib/rack/handler/webrick.rb:59:in `service'
  /home/aerani/.rvm/rubies/ruby-2.0.0-p0/lib/ruby/2.0.0/webrick/httpserver.rb:138:in `service'
  /home/aerani/.rvm/rubies/ruby-2.0.0-p0/lib/ruby/2.0.0/webrick/httpserver.rb:94:in `run'
  /home/aerani/.rvm/rubies/ruby-2.0.0-p0/lib/ruby/2.0.0/webrick/server.rb:295:in `block in start_thread'


  Rendered /home/aerani/.rvm/gems/ruby-2.0.0-p0/gems/actionpack-3.2.13/lib/action_dispatch/middleware/templates/rescues/routing_error.erb within rescues/layout (1.0ms)


Started GET "/images/wabook.png" for 147.46.113.59 at 2013-03-19 21:22:26 +0900

ActionController::RoutingError (No route matches [GET] "/images/wabook.png"):
  actionpack (3.2.13) lib/action_dispatch/middleware/debug_exceptions.rb:21:in `call'
  actionpack (3.2.13) lib/action_dispatch/middleware/show_exceptions.rb:56:in `call'
  railties (3.2.13) lib/rails/rack/logger.rb:32:in `call_app'
  railties (3.2.13) lib/rails/rack/logger.rb:16:in `block in call'
  activesupport (3.2.13) lib/active_support/tagged_logging.rb:22:in `tagged'
  railties (3.2.13) lib/rails/rack/logger.rb:16:in `call'
  actionpack (3.2.13) lib/action_dispatch/middleware/request_id.rb:22:in `call'
  rack (1.4.5) lib/rack/methodoverride.rb:21:in `call'
  rack (1.4.5) lib/rack/runtime.rb:17:in `call'
  activesupport (3.2.13) lib/active_support/cache/strategy/local_cache.rb:72:in `call'
  rack (1.4.5) lib/rack/lock.rb:15:in `call'
  actionpack (3.2.13) lib/action_dispatch/middleware/static.rb:63:in `call'
  railties (3.2.13) lib/rails/engine.rb:479:in `call'
  railties (3.2.13) lib/rails/application.rb:223:in `call'
  rack (1.4.5) lib/rack/content_length.rb:14:in `call'
  rack (1.4.5) lib/rack/handler/webrick.rb:59:in `service'
  /home/aerani/.rvm/rubies/ruby-2.0.0-p0/lib/ruby/2.0.0/webrick/httpserver.rb:138:in `service'
  /home/aerani/.rvm/rubies/ruby-2.0.0-p0/lib/ruby/2.0.0/webrick/httpserver.rb:94:in `run'
  /home/aerani/.rvm/rubies/ruby-2.0.0-p0/lib/ruby/2.0.0/webrick/server.rb:295:in `block in start_thread'


  Rendered /home/aerani/.rvm/gems/ruby-2.0.0-p0/gems/actionpack-3.2.13/lib/action_dispatch/middleware/templates/rescues/routing_error.erb within rescues/layout (0.7ms)


Started GET "/wabook.png" for 147.46.113.59 at 2013-03-19 21:22:43 +0900

ActionController::RoutingError (No route matches [GET] "/wabook.png"):
  actionpack (3.2.13) lib/action_dispatch/middleware/debug_exceptions.rb:21:in `call'
  actionpack (3.2.13) lib/action_dispatch/middleware/show_exceptions.rb:56:in `call'
  railties (3.2.13) lib/rails/rack/logger.rb:32:in `call_app'
  railties (3.2.13) lib/rails/rack/logger.rb:16:in `block in call'
  activesupport (3.2.13) lib/active_support/tagged_logging.rb:22:in `tagged'
  railties (3.2.13) lib/rails/rack/logger.rb:16:in `call'
  actionpack (3.2.13) lib/action_dispatch/middleware/request_id.rb:22:in `call'
  rack (1.4.5) lib/rack/methodoverride.rb:21:in `call'
  rack (1.4.5) lib/rack/runtime.rb:17:in `call'
  activesupport (3.2.13) lib/active_support/cache/strategy/local_cache.rb:72:in `call'
  rack (1.4.5) lib/rack/lock.rb:15:in `call'
  actionpack (3.2.13) lib/action_dispatch/middleware/static.rb:63:in `call'
  railties (3.2.13) lib/rails/engine.rb:479:in `call'
  railties (3.2.13) lib/rails/application.rb:223:in `call'
  rack (1.4.5) lib/rack/content_length.rb:14:in `call'
  rack (1.4.5) lib/rack/handler/webrick.rb:59:in `service'
  /home/aerani/.rvm/rubies/ruby-2.0.0-p0/lib/ruby/2.0.0/webrick/httpserver.rb:138:in `service'
  /home/aerani/.rvm/rubies/ruby-2.0.0-p0/lib/ruby/2.0.0/webrick/httpserver.rb:94:in `run'
  /home/aerani/.rvm/rubies/ruby-2.0.0-p0/lib/ruby/2.0.0/webrick/server.rb:295:in `block in start_thread'


  Rendered /home/aerani/.rvm/gems/ruby-2.0.0-p0/gems/actionpack-3.2.13/lib/action_dispatch/middleware/templates/rescues/routing_error.erb within rescues/layout (1.0ms)


Started GET "/public.wabook.png" for 147.46.113.59 at 2013-03-19 21:23:33 +0900

ActionController::RoutingError (No route matches [GET] "/public.wabook.png"):
  actionpack (3.2.13) lib/action_dispatch/middleware/debug_exceptions.rb:21:in `call'
  actionpack (3.2.13) lib/action_dispatch/middleware/show_exceptions.rb:56:in `call'
  railties (3.2.13) lib/rails/rack/logger.rb:32:in `call_app'
  railties (3.2.13) lib/rails/rack/logger.rb:16:in `block in call'
  activesupport (3.2.13) lib/active_support/tagged_logging.rb:22:in `tagged'
  railties (3.2.13) lib/rails/rack/logger.rb:16:in `call'
  actionpack (3.2.13) lib/action_dispatch/middleware/request_id.rb:22:in `call'
  rack (1.4.5) lib/rack/methodoverride.rb:21:in `call'
  rack (1.4.5) lib/rack/runtime.rb:17:in `call'
  activesupport (3.2.13) lib/active_support/cache/strategy/local_cache.rb:72:in `call'
  rack (1.4.5) lib/rack/lock.rb:15:in `call'
  actionpack (3.2.13) lib/action_dispatch/middleware/static.rb:63:in `call'
  railties (3.2.13) lib/rails/engine.rb:479:in `call'
  railties (3.2.13) lib/rails/application.rb:223:in `call'
  rack (1.4.5) lib/rack/content_length.rb:14:in `call'
  rack (1.4.5) lib/rack/handler/webrick.rb:59:in `service'
  /home/aerani/.rvm/rubies/ruby-2.0.0-p0/lib/ruby/2.0.0/webrick/httpserver.rb:138:in `service'
  /home/aerani/.rvm/rubies/ruby-2.0.0-p0/lib/ruby/2.0.0/webrick/httpserver.rb:94:in `run'
  /home/aerani/.rvm/rubies/ruby-2.0.0-p0/lib/ruby/2.0.0/webrick/server.rb:295:in `block in start_thread'


  Rendered /home/aerani/.rvm/gems/ruby-2.0.0-p0/gems/actionpack-3.2.13/lib/action_dispatch/middleware/templates/rescues/routing_error.erb within rescues/layout (1.0ms)


Started GET "/public/wabook.png" for 147.46.113.59 at 2013-03-19 21:23:34 +0900

ActionController::RoutingError (No route matches [GET] "/public/wabook.png"):
  actionpack (3.2.13) lib/action_dispatch/middleware/debug_exceptions.rb:21:in `call'
  actionpack (3.2.13) lib/action_dispatch/middleware/show_exceptions.rb:56:in `call'
  railties (3.2.13) lib/rails/rack/logger.rb:32:in `call_app'
  railties (3.2.13) lib/rails/rack/logger.rb:16:in `block in call'
  activesupport (3.2.13) lib/active_support/tagged_logging.rb:22:in `tagged'
  railties (3.2.13) lib/rails/rack/logger.rb:16:in `call'
  actionpack (3.2.13) lib/action_dispatch/middleware/request_id.rb:22:in `call'
  rack (1.4.5) lib/rack/methodoverride.rb:21:in `call'
  rack (1.4.5) lib/rack/runtime.rb:17:in `call'
  activesupport (3.2.13) lib/active_support/cache/strategy/local_cache.rb:72:in `call'
  rack (1.4.5) lib/rack/lock.rb:15:in `call'
  actionpack (3.2.13) lib/action_dispatch/middleware/static.rb:63:in `call'
  railties (3.2.13) lib/rails/engine.rb:479:in `call'
  railties (3.2.13) lib/rails/application.rb:223:in `call'
  rack (1.4.5) lib/rack/content_length.rb:14:in `call'
  rack (1.4.5) lib/rack/handler/webrick.rb:59:in `service'
  /home/aerani/.rvm/rubies/ruby-2.0.0-p0/lib/ruby/2.0.0/webrick/httpserver.rb:138:in `service'
  /home/aerani/.rvm/rubies/ruby-2.0.0-p0/lib/ruby/2.0.0/webrick/httpserver.rb:94:in `run'
  /home/aerani/.rvm/rubies/ruby-2.0.0-p0/lib/ruby/2.0.0/webrick/server.rb:295:in `block in start_thread'


  Rendered /home/aerani/.rvm/gems/ruby-2.0.0-p0/gems/actionpack-3.2.13/lib/action_dispatch/middleware/templates/rescues/routing_error.erb within rescues/layout (1.0ms)


Started GET "/assets/wabook.png" for 147.46.113.59 at 2013-03-19 21:24:11 +0900
Served asset /wabook.png - 200 OK (4ms)


Started GET "/books" for 147.46.113.59 at 2013-03-19 21:24:44 +0900
Processing by BooksController#index as HTML
  Rendered books/index.html.erb within layouts/application (0.8ms)
Completed 200 OK in 16ms (Views: 15.7ms | ActiveRecord: 0.0ms)


Started GET "/assets/jquery_ujs.js?body=1" for 147.46.113.59 at 2013-03-19 21:24:50 +0900
Served asset /jquery_ujs.js - 304 Not Modified (1ms)


Started GET "/assets/books.css?body=1" for 147.46.113.59 at 2013-03-19 21:24:50 +0900
Served asset /books.css - 304 Not Modified (0ms)


Started GET "/assets/jquery.js?body=1" for 147.46.113.59 at 2013-03-19 21:24:50 +0900
Served asset /jquery.js - 304 Not Modified (1ms)


Started GET "/assets/application.css?body=1" for 147.46.113.59 at 2013-03-19 21:24:50 +0900
Served asset /application.css - 304 Not Modified (0ms)


Started GET "/assets/books.js?body=1" for 147.46.113.59 at 2013-03-19 21:24:55 +0900
Served asset /books.js - 304 Not Modified (0ms)


Started GET "/wabook_main.css" for 147.46.113.59 at 2013-03-19 21:24:55 +0900

ActionController::RoutingError (No route matches [GET] "/wabook_main.css"):
  actionpack (3.2.13) lib/action_dispatch/middleware/debug_exceptions.rb:21:in `call'
  actionpack (3.2.13) lib/action_dispatch/middleware/show_exceptions.rb:56:in `call'
  railties (3.2.13) lib/rails/rack/logger.rb:32:in `call_app'
  railties (3.2.13) lib/rails/rack/logger.rb:16:in `block in call'
  activesupport (3.2.13) lib/active_support/tagged_logging.rb:22:in `tagged'
  railties (3.2.13) lib/rails/rack/logger.rb:16:in `call'
  actionpack (3.2.13) lib/action_dispatch/middleware/request_id.rb:22:in `call'
  rack (1.4.5) lib/rack/methodoverride.rb:21:in `call'
  rack (1.4.5) lib/rack/runtime.rb:17:in `call'
  activesupport (3.2.13) lib/active_support/cache/strategy/local_cache.rb:72:in `call'
  rack (1.4.5) lib/rack/lock.rb:15:in `call'
  actionpack (3.2.13) lib/action_dispatch/middleware/static.rb:63:in `call'
  railties (3.2.13) lib/rails/engine.rb:479:in `call'
  railties (3.2.13) lib/rails/application.rb:223:in `call'
  rack (1.4.5) lib/rack/content_length.rb:14:in `call'
  rack (1.4.5) lib/rack/handler/webrick.rb:59:in `service'
  /home/aerani/.rvm/rubies/ruby-2.0.0-p0/lib/ruby/2.0.0/webrick/httpserver.rb:138:in `service'
  /home/aerani/.rvm/rubies/ruby-2.0.0-p0/lib/ruby/2.0.0/webrick/httpserver.rb:94:in `run'
  /home/aerani/.rvm/rubies/ruby-2.0.0-p0/lib/ruby/2.0.0/webrick/server.rb:295:in `block in start_thread'


  Rendered /home/aerani/.rvm/gems/ruby-2.0.0-p0/gems/actionpack-3.2.13/lib/action_dispatch/middleware/templates/rescues/routing_error.erb within rescues/layout (0.5ms)


Started GET "/assets/application.js?body=1" for 147.46.113.59 at 2013-03-19 21:24:55 +0900
Served asset /application.js - 304 Not Modified (2ms)


Started GET "/wabook_ranking.html" for 147.46.113.59 at 2013-03-19 21:25:10 +0900

ActionController::RoutingError (No route matches [GET] "/wabook_ranking.html"):
  actionpack (3.2.13) lib/action_dispatch/middleware/debug_exceptions.rb:21:in `call'
  actionpack (3.2.13) lib/action_dispatch/middleware/show_exceptions.rb:56:in `call'
  railties (3.2.13) lib/rails/rack/logger.rb:32:in `call_app'
  railties (3.2.13) lib/rails/rack/logger.rb:16:in `block in call'
  activesupport (3.2.13) lib/active_support/tagged_logging.rb:22:in `tagged'
  railties (3.2.13) lib/rails/rack/logger.rb:16:in `call'
  actionpack (3.2.13) lib/action_dispatch/middleware/request_id.rb:22:in `call'
  rack (1.4.5) lib/rack/methodoverride.rb:21:in `call'
  rack (1.4.5) lib/rack/runtime.rb:17:in `call'
  activesupport (3.2.13) lib/active_support/cache/strategy/local_cache.rb:72:in `call'
  rack (1.4.5) lib/rack/lock.rb:15:in `call'
  actionpack (3.2.13) lib/action_dispatch/middleware/static.rb:63:in `call'
  railties (3.2.13) lib/rails/engine.rb:479:in `call'
  railties (3.2.13) lib/rails/application.rb:223:in `call'
  rack (1.4.5) lib/rack/content_length.rb:14:in `call'
  rack (1.4.5) lib/rack/handler/webrick.rb:59:in `service'
  /home/aerani/.rvm/rubies/ruby-2.0.0-p0/lib/ruby/2.0.0/webrick/httpserver.rb:138:in `service'
  /home/aerani/.rvm/rubies/ruby-2.0.0-p0/lib/ruby/2.0.0/webrick/httpserver.rb:94:in `run'
  /home/aerani/.rvm/rubies/ruby-2.0.0-p0/lib/ruby/2.0.0/webrick/server.rb:295:in `block in start_thread'


  Rendered /home/aerani/.rvm/gems/ruby-2.0.0-p0/gems/actionpack-3.2.13/lib/action_dispatch/middleware/templates/rescues/routing_error.erb within rescues/layout (1.1ms)
